TN:
SF:dist/index.js
FNF:0
FNH:0
DA:1,20
DA:2,20
DA:3,20
DA:4,20
DA:5,20
DA:6,20
DA:7,20
DA:8,20
DA:9,20
DA:10,20
DA:11,20
DA:12,20
DA:13,20
DA:14,20
DA:15,20
DA:16,20
DA:17,20
DA:18,20
DA:19,20
DA:20,10
DA:21,10
DA:22,10
DA:23,10
DA:24,10
DA:25,10
DA:26,10
DA:27,10
DA:28,10
DA:29,10
DA:30,10
DA:31,10
DA:32,10
DA:33,10
DA:34,10
DA:35,10
DA:36,10
DA:37,10
DA:38,10
DA:39,10
DA:40,10
DA:41,10
DA:42,10
DA:43,10
DA:44,10
DA:45,10
DA:46,10
DA:47,10
DA:48,10
DA:49,10
DA:50,10
DA:51,10
DA:52,10
DA:53,10
DA:54,10
DA:55,10
DA:56,10
DA:57,10
DA:58,10
DA:59,10
DA:60,10
DA:61,10
DA:62,10
DA:63,10
DA:64,10
DA:65,10
DA:66,10
DA:67,10
DA:68,10
DA:69,10
DA:70,10
DA:71,10
DA:72,10
DA:73,10
DA:74,10
DA:75,10
DA:76,10
DA:77,10
DA:78,10
DA:79,10
DA:80,10
DA:81,10
DA:82,20
DA:83,10
DA:84,10
DA:85,10
DA:86,6
DA:87,6
DA:88,6
DA:89,4
DA:90,1
DA:91,1
DA:92,1
DA:93,3
DA:94,3
DA:95,20
DA:96,20
DA:97,20
DA:98,20
DA:99,20
DA:100,20
DA:101,20
DA:102,20
DA:103,20
DA:104,20
DA:105,20
DA:106,20
DA:107,20
DA:108,20
DA:109,1
DA:110,1
DA:111,20
DA:112,20
DA:113,20
DA:114,20
DA:115,20
DA:116,20
DA:117,20
DA:118,20
DA:119,5
DA:120,5
DA:121,5
DA:122,5
DA:123,5
DA:124,5
DA:125,5
DA:126,5
DA:127,5
DA:128,5
DA:129,5
DA:130,5
DA:131,5
DA:132,5
DA:133,5
DA:134,5
DA:135,5
DA:136,5
DA:137,5
DA:138,5
DA:139,5
DA:140,5
DA:141,5
DA:142,5
DA:143,5
DA:144,5
DA:145,5
DA:146,5
DA:147,5
DA:148,5
DA:149,5
DA:150,5
DA:151,5
DA:152,5
DA:153,5
DA:154,5
DA:155,5
DA:156,5
DA:157,5
DA:158,5
DA:159,5
DA:160,5
DA:161,5
DA:162,5
DA:163,5
DA:164,5
DA:165,5
DA:166,5
DA:167,5
DA:168,5
DA:169,5
DA:170,5
DA:171,5
DA:172,5
DA:173,5
DA:174,5
DA:175,5
DA:176,5
DA:177,5
DA:178,5
DA:179,5
DA:180,5
DA:181,20
DA:182,5
DA:183,5
DA:184,1
DA:185,1
DA:186,4
DA:187,4
DA:188,20
DA:189,20
DA:190,20
DA:191,20
DA:192,20
DA:193,20
DA:194,20
DA:195,20
DA:196,20
DA:197,20
DA:198,20
DA:199,20
DA:200,20
DA:201,20
DA:202,20
DA:203,20
DA:204,20
DA:205,20
DA:206,20
DA:207,2
DA:208,2
DA:209,1
DA:210,1
DA:211,1
DA:212,1
DA:213,1
DA:214,8
DA:215,8
DA:216,1
DA:217,1
DA:218,8
DA:219,20
DA:220,20
DA:221,20
DA:222,20
DA:223,20
DA:224,20
DA:225,20
DA:226,20
DA:227,20
DA:228,20
DA:229,20
DA:230,20
DA:231,20
DA:232,20
DA:233,20
DA:234,20
DA:235,20
DA:236,20
DA:237,20
DA:238,2
DA:239,2
DA:240,1
DA:241,1
DA:242,1
DA:243,1
DA:244,20
DA:245,20
DA:246,20
LF:246
LH:246
BRDA:1,0,0,20
BRDA:19,1,0,10
BRDA:82,2,0,10
BRDA:84,3,0,8
BRDA:85,4,0,6
BRDA:89,5,0,4
BRDA:89,6,0,1
BRDA:93,7,0,3
BRDA:108,8,0,1
BRDA:118,9,0,5
BRDA:181,10,0,5
BRDA:183,11,0,1
BRDA:186,12,0,4
BRDA:206,13,0,2
BRDA:208,14,0,1
BRDA:213,15,0,8
BRDA:215,16,0,7
BRDA:216,17,0,1
BRDA:237,18,0,2
BRDA:239,19,0,1
BRF:20
BRH:20
end_of_record
TN:
SF:dist/classes/checker.js
FN:9,<static_initializer>
FN:11,Checker
FN:16,getInstance
FN:28,checkId
FN:42,checkLoyalty
FN:64,checkIfCardExistsForThisUser
FN:78,checkStrRes
FN:102,checkMana
FN:114,checkColor
FN:130,checkType
FN:146,checkRarity
FNF:11
FNH:11
FNDA:20,<static_initializer>
FNDA:20,Checker
FNDA:60,getInstance
FNDA:16,checkId
FNDA:14,checkLoyalty
FNDA:13,checkIfCardExistsForThisUser
FNDA:11,checkStrRes
FNDA:4,checkMana
FNDA:3,checkColor
FNDA:3,checkType
FNDA:3,checkRarity
DA:1,20
DA:2,20
DA:3,20
DA:4,20
DA:5,20
DA:6,20
DA:7,20
DA:8,20
DA:9,20
DA:10,20
DA:11,20
DA:12,20
DA:13,20
DA:14,20
DA:15,20
DA:16,20
DA:17,60
DA:18,20
DA:19,20
DA:20,60
DA:21,60
DA:22,20
DA:23,20
DA:24,20
DA:25,20
DA:26,20
DA:27,20
DA:28,20
DA:29,16
DA:30,18
DA:31,18
DA:32,18
DA:33,18
DA:34,9
DA:35,16
DA:36,20
DA:37,20
DA:38,20
DA:39,20
DA:40,20
DA:41,20
DA:42,20
DA:43,14
DA:44,2
DA:45,2
DA:46,2
DA:47,14
DA:48,1
DA:49,1
DA:50,1
DA:51,14
DA:52,0
DA:53,0
DA:54,0
DA:55,11
DA:56,14
DA:57,20
DA:58,20
DA:59,20
DA:60,20
DA:61,20
DA:62,20
DA:63,20
DA:64,20
DA:65,13
DA:66,13
DA:67,13
DA:68,13
DA:69,6
DA:70,13
DA:71,20
DA:72,20
DA:73,20
DA:74,20
DA:75,20
DA:76,20
DA:77,20
DA:78,20
DA:79,11
DA:80,4
DA:81,4
DA:82,4
DA:83,11
DA:84,2
DA:85,2
DA:86,2
DA:87,11
DA:88,0
DA:89,0
DA:90,0
DA:91,11
DA:92,0
DA:93,0
DA:94,0
DA:95,5
DA:96,11
DA:97,20
DA:98,20
DA:99,20
DA:100,20
DA:101,20
DA:102,20
DA:103,4
DA:104,0
DA:105,0
DA:106,0
DA:107,4
DA:108,4
DA:109,20
DA:110,20
DA:111,20
DA:112,20
DA:113,20
DA:114,20
DA:115,3
DA:116,0
DA:117,0
DA:118,0
DA:119,3
DA:120,0
DA:121,0
DA:122,0
DA:123,3
DA:124,3
DA:125,20
DA:126,20
DA:127,20
DA:128,20
DA:129,20
DA:130,20
DA:131,3
DA:132,0
DA:133,0
DA:134,0
DA:135,3
DA:136,0
DA:137,0
DA:138,0
DA:139,3
DA:140,3
DA:141,20
DA:142,20
DA:143,20
DA:144,20
DA:145,20
DA:146,20
DA:147,3
DA:148,0
DA:149,0
DA:150,0
DA:151,3
DA:152,0
DA:153,0
DA:154,0
DA:155,3
DA:156,3
DA:157,20
LF:157
LH:127
BRDA:1,0,0,20
BRDA:9,1,0,20
BRDA:11,2,0,20
BRDA:16,3,0,60
BRDA:17,4,0,20
BRDA:28,5,0,16
BRDA:29,6,0,18
BRDA:32,7,0,7
BRDA:34,8,0,9
BRDA:42,9,0,14
BRDA:43,10,0,13
BRDA:43,11,0,2
BRDA:47,12,0,12
BRDA:47,13,0,1
BRDA:47,14,0,12
BRDA:47,15,0,1
BRDA:51,16,0,11
BRDA:51,17,0,0
BRDA:51,18,0,0
BRDA:51,19,0,11
BRDA:51,20,0,0
BRDA:64,21,0,13
BRDA:66,22,0,7
BRDA:67,23,0,6
BRDA:67,24,0,3
BRDA:68,25,0,6
BRDA:68,26,0,0
BRDA:78,27,0,11
BRDA:79,28,0,7
BRDA:79,29,0,5
BRDA:79,30,0,4
BRDA:83,31,0,7
BRDA:83,32,0,4
BRDA:83,33,0,3
BRDA:83,34,0,7
BRDA:83,35,0,2
BRDA:87,36,0,5
BRDA:87,37,0,2
BRDA:87,38,0,2
BRDA:87,39,0,5
BRDA:87,40,0,0
BRDA:91,41,0,2
BRDA:91,42,0,2
BRDA:91,43,0,5
BRDA:91,44,0,0
BRDA:102,45,0,4
BRDA:103,46,0,0
BRDA:114,47,0,3
BRDA:115,48,0,0
BRDA:119,49,0,0
BRDA:130,50,0,3
BRDA:131,51,0,0
BRDA:135,52,0,0
BRDA:146,53,0,3
BRDA:147,54,0,0
BRDA:151,55,0,0
BRF:56
BRH:43
end_of_record
TN:
SF:dist/constants/color.js
FNF:0
FNH:0
DA:1,20
DA:2,20
DA:3,20
DA:4,20
DA:5,20
DA:6,20
DA:7,20
DA:8,20
DA:9,20
DA:10,20
DA:11,20
DA:12,20
DA:13,20
LF:13
LH:13
BRDA:1,0,0,20
BRDA:5,1,0,20
BRF:2
BRH:2
end_of_record
TN:
SF:dist/constants/rareza.js
FNF:0
FNH:0
DA:1,20
DA:2,20
DA:3,20
DA:4,20
DA:5,20
DA:6,20
DA:7,20
DA:8,20
DA:9,20
DA:10,20
LF:10
LH:10
BRDA:1,0,0,20
BRDA:5,1,0,20
BRF:2
BRH:2
end_of_record
TN:
SF:dist/constants/tipo.js
FNF:0
FNH:0
DA:1,20
DA:2,20
DA:3,20
DA:4,20
DA:5,20
DA:6,20
DA:7,20
DA:8,20
DA:9,20
DA:10,20
DA:11,20
DA:12,20
DA:13,20
LF:13
LH:13
BRDA:1,0,0,20
BRDA:5,1,0,20
BRF:2
BRH:2
end_of_record
TN:
SF:dist/functions/get_card.js
FN:9,getCard
FNF:1
FNH:1
FNDA:1,getCard
DA:1,20
DA:2,20
DA:3,20
DA:4,20
DA:5,20
DA:6,20
DA:7,20
DA:8,20
DA:9,20
DA:10,1
DA:11,1
DA:12,1
DA:13,1
DA:14,1
DA:15,1
DA:16,0
DA:17,1
LF:17
LH:16
BRDA:1,0,0,20
BRDA:9,1,0,1
BRDA:16,2,0,0
BRF:3
BRH:2
end_of_record
TN:
SF:dist/functions/get_user_collection.js
FN:7,createUserCollection
FN:16,getUserCollection
FNF:2
FNH:2
FNDA:1,createUserCollection
FNDA:20,getUserCollection
DA:1,20
DA:2,20
DA:3,20
DA:4,20
DA:5,20
DA:6,20
DA:7,1
DA:8,1
DA:9,1
DA:10,1
DA:11,20
DA:12,20
DA:13,20
DA:14,20
DA:15,20
DA:16,20
DA:17,20
DA:18,20
DA:19,1
DA:20,1
DA:21,20
LF:21
LH:21
BRDA:1,0,0,20
BRDA:7,1,0,1
BRDA:16,2,0,20
BRDA:18,3,0,19
BRDA:19,4,0,1
BRF:5
BRH:5
end_of_record
TN:
SF:dist/functions/list_cards.js
FN:7,ListCards
FNF:1
FNH:1
FNDA:1,ListCards
DA:1,20
DA:2,20
DA:3,20
DA:4,20
DA:5,20
DA:6,20
DA:7,20
DA:8,1
DA:9,1
DA:10,1
DA:11,2
DA:12,2
DA:13,2
DA:14,18
DA:15,18
DA:16,2
DA:17,2
DA:18,18
DA:19,2
DA:20,1
LF:20
LH:20
BRDA:1,0,0,20
BRDA:7,1,0,1
BRDA:10,2,0,2
BRDA:13,3,0,18
BRDA:15,4,0,16
BRDA:16,5,0,2
BRF:6
BRH:6
end_of_record
TN:
SF:dist/functions/new_card.js
FN:21,newCard
FNF:1
FNH:1
FNDA:3,newCard
DA:1,20
DA:2,20
DA:3,20
DA:4,20
DA:5,20
DA:6,20
DA:7,20
DA:8,20
DA:9,20
DA:10,20
DA:11,20
DA:12,20
DA:13,20
DA:14,20
DA:15,20
DA:16,20
DA:17,20
DA:18,20
DA:19,20
DA:20,20
DA:21,20
DA:22,3
DA:23,3
DA:24,3
DA:25,3
DA:26,3
DA:27,3
DA:28,3
DA:29,3
DA:30,3
DA:31,3
DA:32,3
DA:33,3
DA:34,3
DA:35,3
DA:36,3
DA:37,3
DA:38,3
DA:39,3
DA:40,0
DA:41,3
LF:41
LH:40
BRDA:1,0,0,20
BRDA:21,1,0,3
BRDA:40,2,0,0
BRF:3
BRH:2
end_of_record
TN:
SF:dist/functions/paint_color.js
FN:6,paintColor
FN:31,getColor
FNF:2
FNH:2
FNDA:3,paintColor
FNDA:10,getColor
DA:1,20
DA:2,20
DA:3,20
DA:4,20
DA:5,20
DA:6,20
DA:7,3
DA:8,3
DA:9,3
DA:10,3
DA:11,3
DA:12,0
DA:13,0
DA:14,3
DA:15,0
DA:16,0
DA:17,3
DA:18,0
DA:19,0
DA:20,3
DA:21,2
DA:22,2
DA:23,3
DA:24,0
DA:25,0
DA:26,3
DA:27,0
DA:28,0
DA:29,3
DA:30,1
DA:31,10
DA:32,10
DA:33,10
DA:34,10
DA:35,1
DA:36,1
DA:37,1
DA:38,3
DA:39,3
LF:39
LH:29
BRDA:1,0,0,20
BRDA:6,1,0,3
BRDA:11,2,0,0
BRDA:14,3,0,0
BRDA:17,4,0,0
BRDA:20,5,0,2
BRDA:23,6,0,0
BRDA:26,7,0,0
BRDA:29,8,0,1
BRDA:30,9,0,10
BRDA:31,10,0,10
BRF:11
BRH:6
end_of_record
TN:
SF:dist/functions/remove_card.js
FN:8,removeCard
FNF:1
FNH:1
FNDA:1,removeCard
DA:1,20
DA:2,20
DA:3,20
DA:4,20
DA:5,20
DA:6,20
DA:7,20
DA:8,20
DA:9,1
DA:10,1
DA:11,1
DA:12,1
DA:13,1
DA:14,1
DA:15,1
DA:16,1
DA:17,1
DA:18,1
LF:18
LH:18
BRDA:1,0,0,20
BRDA:8,1,0,1
BRDA:18,2,0,0
BRF:3
BRH:2
end_of_record
TN:
SF:dist/functions/update_card.js
FN:21,updateCard
FNF:1
FNH:1
FNDA:4,updateCard
DA:1,20
DA:2,20
DA:3,20
DA:4,20
DA:5,20
DA:6,20
DA:7,20
DA:8,20
DA:9,20
DA:10,20
DA:11,20
DA:12,20
DA:13,20
DA:14,20
DA:15,20
DA:16,20
DA:17,20
DA:18,20
DA:19,20
DA:20,20
DA:21,20
DA:22,4
DA:23,4
DA:24,4
DA:25,4
DA:26,4
DA:27,4
DA:28,4
DA:29,4
DA:30,4
DA:31,4
DA:32,4
DA:33,4
DA:34,4
DA:35,4
DA:36,4
DA:37,4
DA:38,4
DA:39,4
DA:40,4
DA:41,4
DA:42,4
DA:43,4
DA:44,4
DA:45,4
DA:46,4
DA:47,4
DA:48,4
DA:49,4
DA:50,4
DA:51,4
DA:52,4
DA:53,3
DA:54,3
DA:55,3
DA:56,1
DA:57,1
DA:58,1
DA:59,1
DA:60,1
DA:61,1
DA:62,1
DA:63,1
DA:64,1
DA:65,1
DA:66,1
DA:67,1
DA:68,1
DA:69,1
DA:70,1
DA:71,1
DA:72,4
LF:72
LH:72
BRDA:1,0,0,20
BRDA:21,1,0,4
BRDA:32,2,0,0
BRDA:33,3,0,1
BRDA:34,4,0,1
BRDA:35,5,0,0
BRDA:36,6,0,0
BRDA:37,7,0,0
BRDA:38,8,0,0
BRDA:39,9,0,0
BRDA:40,10,0,0
BRDA:42,11,0,1
BRDA:44,12,0,1
BRDA:46,13,0,1
BRDA:48,14,0,0
BRDA:50,15,0,0
BRDA:51,16,0,3
BRDA:52,17,0,3
BRDA:56,18,0,1
BRDA:70,19,0,0
BRF:20
BRH:10
end_of_record
TN:
SF:src/classes/checker.ts
FN:10,<static_initializer>
FN:13,Checker
FN:19,getInstance
FN:32,checkId
FN:46,checkLoyalty
FN:69,checkIfCardExistsForThisUser
FN:82,checkStrRes
FN:107,checkMana
FN:120,checkColor
FN:137,checkType
FN:154,checkRarity
FNF:11
FNH:9
FNDA:1,<static_initializer>
FNDA:1,Checker
FNDA:7,getInstance
FNDA:0,checkId
FNDA:4,checkLoyalty
FNDA:0,checkIfCardExistsForThisUser
FNDA:8,checkStrRes
FNDA:2,checkMana
FNDA:3,checkColor
FNDA:9,checkType
FNDA:5,checkRarity
DA:1,1
DA:2,1
DA:3,1
DA:4,1
DA:5,1
DA:6,1
DA:7,1
DA:8,1
DA:9,1
DA:10,1
DA:11,1
DA:12,1
DA:13,1
DA:14,1
DA:15,1
DA:16,1
DA:17,1
DA:18,1
DA:19,1
DA:20,7
DA:21,1
DA:22,1
DA:23,7
DA:24,7
DA:25,1
DA:26,1
DA:27,1
DA:28,1
DA:29,1
DA:30,1
DA:31,1
DA:32,1
DA:33,0
DA:34,0
DA:35,0
DA:36,0
DA:37,0
DA:38,0
DA:39,1
DA:40,1
DA:41,1
DA:42,1
DA:43,1
DA:44,1
DA:45,1
DA:46,1
DA:47,4
DA:48,1
DA:49,1
DA:50,1
DA:51,4
DA:52,1
DA:53,1
DA:54,1
DA:55,4
DA:56,1
DA:57,1
DA:58,1
DA:59,1
DA:60,1
DA:61,1
DA:62,1
DA:63,1
DA:64,1
DA:65,1
DA:66,1
DA:67,1
DA:68,1
DA:69,1
DA:70,0
DA:71,0
DA:72,0
DA:73,0
DA:74,1
DA:75,1
DA:76,1
DA:77,1
DA:78,1
DA:79,1
DA:80,1
DA:81,1
DA:82,1
DA:83,8
DA:84,3
DA:85,3
DA:86,3
DA:87,8
DA:88,2
DA:89,2
DA:90,2
DA:91,8
DA:92,1
DA:93,1
DA:94,1
DA:95,8
DA:96,1
DA:97,1
DA:98,1
DA:99,1
DA:100,1
DA:101,1
DA:102,1
DA:103,1
DA:104,1
DA:105,1
DA:106,1
DA:107,1
DA:108,2
DA:109,1
DA:110,1
DA:111,1
DA:112,1
DA:113,1
DA:114,1
DA:115,1
DA:116,1
DA:117,1
DA:118,1
DA:119,1
DA:120,1
DA:121,3
DA:122,1
DA:123,1
DA:124,1
DA:125,3
DA:126,1
DA:127,1
DA:128,1
DA:129,1
DA:130,1
DA:131,1
DA:132,1
DA:133,1
DA:134,1
DA:135,1
DA:136,1
DA:137,1
DA:138,9
DA:139,1
DA:140,1
DA:141,1
DA:142,9
DA:143,1
DA:144,1
DA:145,1
DA:146,7
DA:147,7
DA:148,1
DA:149,1
DA:150,1
DA:151,1
DA:152,1
DA:153,1
DA:154,1
DA:155,5
DA:156,1
DA:157,1
DA:158,1
DA:159,5
DA:160,1
DA:161,1
DA:162,1
DA:163,3
DA:164,3
DA:165,1
LF:165
LH:155
BRDA:10,0,0,1
BRDA:13,1,0,1
BRDA:19,2,0,7
BRDA:20,3,0,1
BRDA:46,4,0,4
BRDA:47,5,0,1
BRDA:47,6,0,1
BRDA:51,7,0,3
BRDA:51,8,0,1
BRDA:55,9,0,2
BRDA:55,10,0,2
BRDA:55,11,0,1
BRDA:82,12,0,8
BRDA:83,13,0,3
BRDA:83,14,0,1
BRDA:83,15,0,3
BRDA:87,16,0,5
BRDA:87,17,0,4
BRDA:87,18,0,2
BRDA:91,19,0,3
BRDA:91,20,0,3
BRDA:91,21,0,1
BRDA:95,22,0,2
BRDA:95,23,0,2
BRDA:95,24,0,1
BRDA:107,25,0,2
BRDA:108,26,0,1
BRDA:120,27,0,3
BRDA:121,28,0,1
BRDA:125,29,0,2
BRDA:125,30,0,1
BRDA:137,31,0,9
BRDA:138,32,0,1
BRDA:142,33,0,8
BRDA:142,34,0,1
BRDA:146,35,0,7
BRDA:154,36,0,5
BRDA:155,37,0,1
BRDA:159,38,0,4
BRDA:159,39,0,1
BRDA:163,40,0,3
BRF:41
BRH:41
end_of_record
TN:
SF:src/constants/color.ts
FNF:0
FNH:0
DA:1,1
DA:2,1
DA:3,1
DA:4,1
DA:5,1
DA:6,1
DA:7,1
DA:8,1
DA:9,1
DA:10,1
DA:11,1
DA:12,1
LF:12
LH:12
BRDA:4,0,0,1
BRF:1
BRH:1
end_of_record
TN:
SF:src/constants/rareza.ts
FNF:0
FNH:0
DA:1,1
DA:2,1
DA:3,1
DA:4,1
DA:5,1
DA:6,1
DA:7,1
DA:8,1
DA:9,1
LF:9
LH:9
BRDA:4,0,0,1
BRF:1
BRH:1
end_of_record
TN:
SF:src/constants/tipo.ts
FNF:0
FNH:0
DA:1,1
DA:2,1
DA:3,1
DA:4,1
DA:5,1
DA:6,1
DA:7,1
DA:8,1
DA:9,1
DA:10,1
DA:11,1
DA:12,1
LF:12
LH:12
BRDA:4,0,0,1
BRF:1
BRH:1
end_of_record
TN:
SF:src/modi/filter_map_add_reduce.ts
FN:12,beforeReduce
FN:22,reduce
FN:31,afterReduce
FNF:3
FNH:3
FNDA:3,beforeReduce
FNDA:3,reduce
FNDA:3,afterReduce
DA:1,1
DA:2,1
DA:3,1
DA:4,1
DA:5,1
DA:6,1
DA:7,1
DA:8,1
DA:9,1
DA:10,1
DA:11,1
DA:12,1
DA:13,3
DA:14,3
DA:15,3
DA:16,1
DA:17,1
DA:18,1
DA:19,1
DA:20,1
DA:21,1
DA:22,1
DA:23,3
DA:24,3
DA:25,1
DA:26,1
DA:27,1
DA:28,1
DA:29,1
DA:30,1
DA:31,1
DA:32,3
DA:33,3
DA:34,3
DA:35,1
LF:35
LH:35
BRDA:12,0,0,3
BRDA:22,1,0,3
BRDA:23,2,0,9
BRDA:31,3,0,3
BRF:4
BRH:4
end_of_record
TN:
SF:src/modi/filter_map_div_reduce.ts
FN:12,beforeReduce
FN:22,reduce
FN:31,afterReduce
FNF:3
FNH:3
FNDA:3,beforeReduce
FNDA:3,reduce
FNDA:3,afterReduce
DA:1,1
DA:2,1
DA:3,1
DA:4,1
DA:5,1
DA:6,1
DA:7,1
DA:8,1
DA:9,1
DA:10,1
DA:11,1
DA:12,1
DA:13,3
DA:14,3
DA:15,3
DA:16,1
DA:17,1
DA:18,1
DA:19,1
DA:20,1
DA:21,1
DA:22,1
DA:23,3
DA:24,3
DA:25,1
DA:26,1
DA:27,1
DA:28,1
DA:29,1
DA:30,1
DA:31,1
DA:32,3
DA:33,3
DA:34,3
DA:35,1
LF:35
LH:35
BRDA:12,0,0,3
BRDA:22,1,0,3
BRDA:23,2,0,15
BRDA:31,3,0,3
BRF:4
BRH:4
end_of_record
TN:
SF:src/modi/filter_map_prod_reduce.ts
FN:12,beforeReduce
FN:22,reduce
FN:31,afterReduce
FNF:3
FNH:3
FNDA:3,beforeReduce
FNDA:3,reduce
FNDA:3,afterReduce
DA:1,1
DA:2,1
DA:3,1
DA:4,1
DA:5,1
DA:6,1
DA:7,1
DA:8,1
DA:9,1
DA:10,1
DA:11,1
DA:12,1
DA:13,3
DA:14,3
DA:15,3
DA:16,1
DA:17,1
DA:18,1
DA:19,1
DA:20,1
DA:21,1
DA:22,1
DA:23,3
DA:24,3
DA:25,1
DA:26,1
DA:27,1
DA:28,1
DA:29,1
DA:30,1
DA:31,1
DA:32,3
DA:33,3
DA:34,3
DA:35,1
LF:35
LH:35
BRDA:12,0,0,3
BRDA:22,1,0,3
BRDA:23,2,0,10
BRDA:31,3,0,3
BRF:4
BRH:4
end_of_record
TN:
SF:src/modi/filter_map_sub_reduce.ts
FN:12,beforeReduce
FN:22,reduce
FN:31,afterReduce
FNF:3
FNH:3
FNDA:3,beforeReduce
FNDA:3,reduce
FNDA:3,afterReduce
DA:1,1
DA:2,1
DA:3,1
DA:4,1
DA:5,1
DA:6,1
DA:7,1
DA:8,1
DA:9,1
DA:10,1
DA:11,1
DA:12,1
DA:13,3
DA:14,3
DA:15,3
DA:16,1
DA:17,1
DA:18,1
DA:19,1
DA:20,1
DA:21,1
DA:22,1
DA:23,3
DA:24,3
DA:25,1
DA:26,1
DA:27,1
DA:28,1
DA:29,1
DA:30,1
DA:31,1
DA:32,3
DA:33,3
DA:34,3
DA:35,1
LF:35
LH:35
BRDA:12,0,0,3
BRDA:22,1,0,3
BRDA:23,2,0,9
BRDA:31,3,0,3
BRF:4
BRH:4
end_of_record
TN:
SF:src/modi/template_method.ts
FN:20,filter
FN:34,map
FN:49,process
FN:69,beforeFilter
FN:75,afterFilter
FN:81,beforeMap
FN:87,afterMap
FN:93,beforeReduce
FN:99,afterReduce
FNF:9
FNH:7
FNDA:8,filter
FNDA:8,map
FNDA:8,process
FNDA:8,beforeFilter
FNDA:8,afterFilter
FNDA:8,beforeMap
FNDA:8,afterMap
FNDA:0,beforeReduce
FNDA:0,afterReduce
DA:1,1
DA:2,1
DA:3,1
DA:4,1
DA:5,1
DA:6,1
DA:7,1
DA:8,1
DA:9,1
DA:10,1
DA:11,1
DA:12,1
DA:13,1
DA:14,1
DA:15,1
DA:16,1
DA:17,1
DA:18,1
DA:19,1
DA:20,1
DA:21,8
DA:22,8
DA:23,40
DA:24,40
DA:25,8
DA:26,8
DA:27,1
DA:28,1
DA:29,1
DA:30,1
DA:31,1
DA:32,1
DA:33,1
DA:34,1
DA:35,8
DA:36,8
DA:37,23
DA:38,23
DA:39,8
DA:40,8
DA:41,1
DA:42,1
DA:43,1
DA:44,1
DA:45,1
DA:46,1
DA:47,1
DA:48,1
DA:49,1
DA:50,8
DA:51,8
DA:52,8
DA:53,8
DA:54,8
DA:55,8
DA:56,8
DA:57,8
DA:58,8
DA:59,8
DA:60,8
DA:61,8
DA:62,8
DA:63,8
DA:64,1
DA:65,1
DA:66,1
DA:67,1
DA:68,1
DA:69,1
DA:70,1
DA:71,1
DA:72,1
DA:73,1
DA:74,1
DA:75,1
DA:76,1
DA:77,1
DA:78,1
DA:79,1
DA:80,1
DA:81,1
DA:82,1
DA:83,1
DA:84,1
DA:85,1
DA:86,1
DA:87,1
DA:88,1
DA:89,1
DA:90,1
DA:91,1
DA:92,1
DA:93,1
DA:94,1
DA:95,1
DA:96,1
DA:97,1
DA:98,1
DA:99,1
DA:100,1
LF:100
LH:100
BRDA:20,0,0,8
BRDA:22,1,0,40
BRDA:23,2,0,23
BRDA:34,3,0,8
BRDA:36,4,0,23
BRDA:49,5,0,8
BRDA:69,6,0,8
BRDA:75,7,0,8
BRDA:81,8,0,8
BRDA:87,9,0,8
BRF:10
BRH:10
end_of_record
